<?xml version="1.0" encoding="UTF-8"?>
<!-- Generated by org.testng.reporters.JUnitXMLReporter -->
<testsuite hostname="DESKTOP-K87M0HO" ignored="0" name="Test3" tests="12" failures="1" timestamp="15 Jun 2020 07:44:36 GMT" time="34.633" errors="0">
  <testcase name="openURL" time="12.874" classname="TestCase.flipkarHomePage"/>
  <testcase name="closeModalBox" time="1.136" classname="TestCase.flipkarHomePage"/>
  <testcase name="HoverElectronics" time="1.834" classname="TestCase.flipkarHomePage"/>
  <testcase name="verifyMILabel" time="3.267" classname="TestCase.flipkarHomePage"/>
  <testcase name="ChangePriceSlider" time="0.122" classname="TestCase.flipkarHomePage"/>
  <testcase name="SelectPriceDropDown" time="1.045" classname="TestCase.flipkarHomePage"/>
  <testcase name="SearchRedmi" time="3.11" classname="TestCase.flipkarHomePage"/>
  <testcase name="productClick" time="1.366" classname="TestCase.flipkarHomePage"/>
  <testcase name="verifyProductAmount" time="7.836" classname="TestCase.flipkarHomePage"/>
  <testcase name="playVideo" time="0.077" classname="TestCase.flipkarHomePage"/>
  <testcase name="enterPindcode" time="0.166" classname="TestCase.flipkarHomePage">
    <failure type="org.openqa.selenium.NoSuchElementException" message="no such element: Unable to locate element: {&amp;quot;method&amp;quot;:&amp;quot;css selector&amp;quot;,&amp;quot;selector&amp;quot;:&amp;quot;._3X4tVa&amp;quot;}
  (Session info: chrome=83.0.4103.97)
For documentation on this error, please visit: https://www.seleniumhq.org/exceptions/no_such_element.html
Build info: version: &amp;apos;3.141.59&amp;apos;, revision: &amp;apos;e82be7d358&amp;apos;, time: &amp;apos;2018-11-14T08:17:03&amp;apos;
System info: host: &amp;apos;DESKTOP-K87M0HO&amp;apos;, ip: &amp;apos;192.168.0.106&amp;apos;, os.name: &amp;apos;Windows 10&amp;apos;, os.arch: &amp;apos;amd64&amp;apos;, os.version: &amp;apos;10.0&amp;apos;, java.version: &amp;apos;1.8.0_241&amp;apos;
Driver info: org.openqa.selenium.chrome.ChromeDriver
Capabilities {acceptInsecureCerts: false, browserName: chrome, browserVersion: 83.0.4103.97, chrome: {chromedriverVersion: 83.0.4103.39 (ccbf011cb2d2b..., userDataDir: C:\Users\SAPNAS~1\AppData\L...}, goog:chromeOptions: {debuggerAddress: localhost:64645}, javascriptEnabled: true, networkConnectionEnabled: false, pageLoadStrategy: normal, platform: WINDOWS, platformName: WINDOWS, proxy: Proxy(), setWindowRect: true, strictFileInteractability: false, timeouts: {implicit: 0, pageLoad: 300000, script: 30000}, unhandledPromptBehavior: dismiss and notify, webauthn:virtualAuthenticators: true}
Session ID: 10fb218fde34677a16629198e42fca9a
*** Element info: {Using=class name, value=_3X4tVa}">
      <![CDATA[org.openqa.selenium.NoSuchElementException: no such element: Unable to locate element: {"method":"css selector","selector":"._3X4tVa"}
  (Session info: chrome=83.0.4103.97)
For documentation on this error, please visit: https://www.seleniumhq.org/exceptions/no_such_element.html
Build info: version: '3.141.59', revision: 'e82be7d358', time: '2018-11-14T08:17:03'
System info: host: 'DESKTOP-K87M0HO', ip: '192.168.0.106', os.name: 'Windows 10', os.arch: 'amd64', os.version: '10.0', java.version: '1.8.0_241'
Driver info: org.openqa.selenium.chrome.ChromeDriver
Capabilities {acceptInsecureCerts: false, browserName: chrome, browserVersion: 83.0.4103.97, chrome: {chromedriverVersion: 83.0.4103.39 (ccbf011cb2d2b..., userDataDir: C:\Users\SAPNAS~1\AppData\L...}, goog:chromeOptions: {debuggerAddress: localhost:64645}, javascriptEnabled: true, networkConnectionEnabled: false, pageLoadStrategy: normal, platform: WINDOWS, platformName: WINDOWS, proxy: Proxy(), setWindowRect: true, strictFileInteractability: false, timeouts: {implicit: 0, pageLoad: 300000, script: 30000}, unhandledPromptBehavior: dismiss and notify, webauthn:virtualAuthenticators: true}
Session ID: 10fb218fde34677a16629198e42fca9a
*** Element info: {Using=class name, value=_3X4tVa}
at org.openqa.selenium.remote.http.W3CHttpResponseCodec.createException(W3CHttpResponseCodec.java:187)
at org.openqa.selenium.remote.http.W3CHttpResponseCodec.decode(W3CHttpResponseCodec.java:122)
at org.openqa.selenium.remote.http.W3CHttpResponseCodec.decode(W3CHttpResponseCodec.java:49)
at org.openqa.selenium.remote.HttpCommandExecutor.execute(HttpCommandExecutor.java:158)
at org.openqa.selenium.remote.service.DriverCommandExecutor.execute(DriverCommandExecutor.java:83)
at org.openqa.selenium.remote.RemoteWebDriver.execute(RemoteWebDriver.java:552)
at org.openqa.selenium.remote.RemoteWebDriver.findElement(RemoteWebDriver.java:323)
at org.openqa.selenium.remote.RemoteWebDriver.findElementByClassName(RemoteWebDriver.java:412)
at org.openqa.selenium.By$ByClassName.findElement(By.java:389)
at org.openqa.selenium.remote.RemoteWebDriver.findElement(RemoteWebDriver.java:315)
at TestCase.flipkarHomePage.enterPindcode(flipkarHomePage.java:117)
... Removed 28 stack frames]]>
    </failure>
  </testcase> <!-- enterPindcode -->
  <testcase name="quitBrowser" time="1.741" classname="TestCase.flipkarHomePage"/>
</testsuite> <!-- Test3 -->
